<?xml version="1.0" encoding="UTF-8"?>
<!-- Generated by org.testng.reporters.JUnitReportReporter -->
<testsuite hostname="RADHE" failures="0" tests="1" name="rahulshettyacademy.ExtentReports.ExtentReportDemo" time="5.378" errors="0" timestamp="2025-01-22T07:35:05 IST" skipped="0">
  <testcase classname="rahulshettyacademy.ExtentReports.ExtentReportDemo" name="initialDemo" time="5.378"/>
</testsuite> <!-- rahulshettyacademy.ExtentReports.ExtentReportDemo -->
