<?xml version="1.0" encoding="UTF-8"?>
<!-- Generated by org.testng.reporters.JUnitReportReporter -->
<testsuite hostname="RADHE" failures="0" tests="1" name="org.sele.inheritancce.PS1" time="0.022" errors="0" timestamp="2025-01-17T17:22:22 IST" skipped="0">
  <testcase classname="org.sele.inheritancce.PS1" name="testRun" time="0.022"/>
</testsuite> <!-- org.sele.inheritancce.PS1 -->
