<?xml version="1.0" encoding="UTF-8"?>
<!-- Generated by org.testng.reporters.JUnitReportReporter -->
<testsuite hostname="RADHE" failures="0" tests="4" name="test.Day3" time="0.007" errors="0" timestamp="2025-01-16T19:59:08 IST" skipped="1">
  <testcase classname="test.Day3" name="APIcarloan" time="0.001"/>
  <testcase classname="test.Day3" name="LoginAPIcarLoan" time="0.003"/>
  <testcase classname="test.Day3" name="WebLoginCarloan" time="0.003"/>
  <testcase classname="test.Day3" name="MobilesignincarLoan">
    <skipped/>
  </testcase> <!-- MobilesignincarLoan -->
</testsuite> <!-- test.Day3 -->
