<?xml version="1.0" encoding="UTF-8"?>
<!-- Generated by org.testng.reporters.JUnitReportReporter -->
<testsuite hostname="RADHE" failures="0" tests="3" name="test.Day4" time="0.004" errors="0" timestamp="2025-01-16T19:59:08 IST" skipped="0">
  <testcase classname="test.Day4" name="LoginAPIHomeLoan" time="0.001"/>
  <testcase classname="test.Day4" name="WebLoginHomeloan" time="0.001"/>
  <testcase classname="test.Day4" name="MobileLoginHomeLoan" time="0.002"/>
</testsuite> <!-- test.Day4 -->
