<?xml version="1.0" encoding="UTF-8"?>
<!-- Generated by org.testng.reporters.JUnitReportReporter -->
<testsuite hostname="RADHE" failures="0" tests="1" name="test.Day2" time="0.001" errors="0" timestamp="2025-01-16T19:59:08 IST" skipped="0">
  <testcase classname="test.Day2" name="Demo" time="0.001"/>
</testsuite> <!-- test.Day2 -->
